This is pdfTeX, Version 3.14159265-2.6-1.40.16 (TeX Live 2015/Debian) (preloaded format=pdflatex 2018.2.7)  4 MAY 2018 02:33
entering extended mode
 restricted \write18 enabled.
 %&-line parsing enabled.
**main.tex
(./main.tex
LaTeX2e <2016/02/01>
Babel <3.9q> and hyphenation patterns for 3 language(s) loaded.
(./ieeeconf.cls
Document Class: ieeeconf 2004/1/15 revision V1.6b by Pradeep Misra
\@IEEEtrantmpdimenA=\dimen102
\@IEEEtrantmpdimenB=\dimen103
\@IEEEtrantmpcountA=\count79
\@IEEEtrantmpcountB=\count80
\@IEEEtrantmptoksA=\toks14
LaTeX Font Info:    Try loading font information for OT1+ptm on input line 792.

(/usr/share/texlive/texmf-dist/tex/latex/psnfss/ot1ptm.fd
File: ot1ptm.fd 2001/06/04 font definitions for OT1/ptm.
)
\@IEEEnormalsizefontbaselineskip=\skip41
-- This is a 10 point document.
\normalsizebaselineskip=\skip42
\normaljot=\skip43
LaTeX Font Info:    Font shape `OT1/ptm/bx/n' in size <5> not available
(Font)              Font shape `OT1/ptm/b/n' tried instead on input line 1111.
LaTeX Font Info:    Font shape `OT1/ptm/bx/it' in size <5> not available
(Font)              Font shape `OT1/ptm/b/it' tried instead on input line 1111.

LaTeX Font Info:    Font shape `OT1/ptm/bx/n' in size <7> not available
(Font)              Font shape `OT1/ptm/b/n' tried instead on input line 1111.
LaTeX Font Info:    Font shape `OT1/ptm/bx/it' in size <7> not available
(Font)              Font shape `OT1/ptm/b/it' tried instead on input line 1111.

LaTeX Font Info:    Font shape `OT1/ptm/bx/n' in size <8> not available
(Font)              Font shape `OT1/ptm/b/n' tried instead on input line 1111.
LaTeX Font Info:    Font shape `OT1/ptm/bx/it' in size <8> not available
(Font)              Font shape `OT1/ptm/b/it' tried instead on input line 1111.

LaTeX Font Info:    Font shape `OT1/ptm/bx/n' in size <9> not available
(Font)              Font shape `OT1/ptm/b/n' tried instead on input line 1111.
LaTeX Font Info:    Font shape `OT1/ptm/bx/it' in size <9> not available
(Font)              Font shape `OT1/ptm/b/it' tried instead on input line 1111.

LaTeX Font Info:    Font shape `OT1/ptm/bx/n' in size <10> not available
(Font)              Font shape `OT1/ptm/b/n' tried instead on input line 1111.
LaTeX Font Info:    Font shape `OT1/ptm/bx/it' in size <10> not available
(Font)              Font shape `OT1/ptm/b/it' tried instead on input line 1111.

LaTeX Font Info:    Font shape `OT1/ptm/bx/n' in size <11> not available
(Font)              Font shape `OT1/ptm/b/n' tried instead on input line 1111.
LaTeX Font Info:    Font shape `OT1/ptm/bx/it' in size <11> not available
(Font)              Font shape `OT1/ptm/b/it' tried instead on input line 1111.

LaTeX Font Info:    Font shape `OT1/ptm/bx/n' in size <12> not available
(Font)              Font shape `OT1/ptm/b/n' tried instead on input line 1111.
LaTeX Font Info:    Font shape `OT1/ptm/bx/it' in size <12> not available
(Font)              Font shape `OT1/ptm/b/it' tried instead on input line 1111.

LaTeX Font Info:    Font shape `OT1/ptm/bx/n' in size <16> not available
(Font)              Font shape `OT1/ptm/b/n' tried instead on input line 1111.
LaTeX Font Info:    Font shape `OT1/ptm/bx/it' in size <16> not available
(Font)              Font shape `OT1/ptm/b/it' tried instead on input line 1111.

LaTeX Font Info:    Font shape `OT1/ptm/bx/n' in size <20> not available
(Font)              Font shape `OT1/ptm/b/n' tried instead on input line 1111.
LaTeX Font Info:    Font shape `OT1/ptm/bx/it' in size <20> not available
(Font)              Font shape `OT1/ptm/b/it' tried instead on input line 1111.

LaTeX Font Info:    Font shape `OT1/ptm/bx/n' in size <24> not available
(Font)              Font shape `OT1/ptm/b/n' tried instead on input line 1111.
LaTeX Font Info:    Font shape `OT1/ptm/bx/it' in size <24> not available
(Font)              Font shape `OT1/ptm/b/it' tried instead on input line 1111.

\IEEEilabelindentA=\dimen104
\IEEEilabelindentB=\dimen105
\IEEEilabelindent=\dimen106
\IEEEelabelindent=\dimen107
\IEEEdlabelindent=\dimen108
\labelindent=\dimen109
\IEEEiednormlabelsep=\dimen110
\IEEEiedmathlabelsep=\dimen111
\IEEEiedtopsep=\skip44
\c@section=\count81
\c@subsection=\count82
\c@subsubsection=\count83
\c@paragraph=\count84
\c@IEEEsubequation=\count85
\abovecaptionskip=\skip45
\belowcaptionskip=\skip46
\c@figure=\count86
\c@table=\count87
\@IEEEeqnnumcols=\count88
\@IEEEeqncolcnt=\count89
\@IEEEtmpitemindent=\dimen112
\c@biography=\count90
\@IEEEtranrubishbin=\box26
)
** ATTENTION: Overriding command lockouts (line 11).
** ATTENTION: Overriding IEEE standard margins (line 14).
(/usr/share/texlive/texmf-dist/tex/latex/graphics/graphics.sty
Package: graphics 2016/01/03 v1.0q Standard LaTeX Graphics (DPC,SPQR)
(/usr/share/texlive/texmf-dist/tex/latex/graphics/trig.sty
Package: trig 2016/01/03 v1.10 sin cos tan (DPC)
) (/usr/share/texlive/texmf-dist/tex/latex/latexconfig/graphics.cfg
File: graphics.cfg 2010/04/23 v1.9 graphics configuration of TeX Live
)
Package graphics Info: Driver file: pdftex.def on input line 95.
(/usr/share/texlive/texmf-dist/tex/latex/pdftex-def/pdftex.def
File: pdftex.def 2011/05/27 v0.06d Graphics/color for pdfTeX
(/usr/share/texlive/texmf-dist/tex/generic/oberdiek/infwarerr.sty
Package: infwarerr 2010/04/08 v1.3 Providing info/warning/error messages (HO)
) (/usr/share/texlive/texmf-dist/tex/generic/oberdiek/ltxcmds.sty
Package: ltxcmds 2011/11/09 v1.22 LaTeX kernel commands for general use (HO)
)
\Gread@gobject=\count91
)) (/usr/share/texlive/texmf-dist/tex/latex/graphics/epsfig.sty
Package: epsfig 1999/02/16 v1.7a (e)psfig emulation (SPQR)
(/usr/share/texlive/texmf-dist/tex/latex/graphics/graphicx.sty
Package: graphicx 2014/10/28 v1.0g Enhanced LaTeX Graphics (DPC,SPQR)
(/usr/share/texlive/texmf-dist/tex/latex/graphics/keyval.sty
Package: keyval 2014/10/28 v1.15 key=value parser (DPC)
\KV@toks@=\toks15
)
\Gin@req@height=\dimen113
\Gin@req@width=\dimen114
)
\epsfxsize=\dimen115
\epsfysize=\dimen116
) (/usr/share/texlive/texmf-dist/tex/latex/amsmath/amsmath.sty
Package: amsmath 2016/03/03 v2.15a AMS math features
\@mathmargin=\skip47
For additional information on amsmath, use the `?' option.
(/usr/share/texlive/texmf-dist/tex/latex/amsmath/amstext.sty
Package: amstext 2000/06/29 v2.01 AMS text
(/usr/share/texlive/texmf-dist/tex/latex/amsmath/amsgen.sty
File: amsgen.sty 1999/11/30 v2.0 generic functions
\@emptytoks=\toks16
\ex@=\dimen117
)) (/usr/share/texlive/texmf-dist/tex/latex/amsmath/amsbsy.sty
Package: amsbsy 1999/11/29 v1.2d Bold Symbols
\pmbraise@=\dimen118
) (/usr/share/texlive/texmf-dist/tex/latex/amsmath/amsopn.sty
Package: amsopn 1999/12/14 v2.01 operator names
)
\inf@bad=\count92
LaTeX Info: Redefining \frac on input line 199.
\uproot@=\count93
\leftroot@=\count94
LaTeX Info: Redefining \overline on input line 297.
\classnum@=\count95
\DOTSCASE@=\count96
LaTeX Info: Redefining \ldots on input line 394.
LaTeX Info: Redefining \dots on input line 397.
LaTeX Info: Redefining \cdots on input line 518.
\Mathstrutbox@=\box27
\strutbox@=\box28
\big@size=\dimen119
LaTeX Font Info:    Redeclaring font encoding OML on input line 630.
LaTeX Font Info:    Redeclaring font encoding OMS on input line 631.
\macc@depth=\count97
\c@MaxMatrixCols=\count98
\dotsspace@=\muskip10
\c@parentequation=\count99
\dspbrk@lvl=\count100
\tag@help=\toks17
\row@=\count101
\column@=\count102
\maxfields@=\count103
\andhelp@=\toks18
\eqnshift@=\dimen120
\alignsep@=\dimen121
\tagshift@=\dimen122
\tagwidth@=\dimen123
\totwidth@=\dimen124
\lineht@=\dimen125
\@envbody=\toks19
\multlinegap=\skip48
\multlinetaggap=\skip49
\mathdisplay@stack=\toks20
LaTeX Info: Redefining \[ on input line 2735.
LaTeX Info: Redefining \] on input line 2736.
) (/usr/share/texlive/texmf-dist/tex/latex/amsfonts/amssymb.sty
Package: amssymb 2013/01/14 v3.01 AMS font symbols
(/usr/share/texlive/texmf-dist/tex/latex/amsfonts/amsfonts.sty
Package: amsfonts 2013/01/14 v3.01 Basic AMSFonts support
\symAMSa=\mathgroup4
\symAMSb=\mathgroup5
LaTeX Font Info:    Overwriting math alphabet `\mathfrak' in version `bold'
(Font)                  U/euf/m/n --> U/euf/b/n on input line 106.
)) (/usr/share/texlive/texmf-dist/tex/latex/hyperref/hyperref.sty
Package: hyperref 2012/11/06 v6.83m Hypertext links for LaTeX
(/usr/share/texlive/texmf-dist/tex/generic/oberdiek/hobsub-hyperref.sty
Package: hobsub-hyperref 2012/05/28 v1.13 Bundle oberdiek, subset hyperref (HO)

(/usr/share/texlive/texmf-dist/tex/generic/oberdiek/hobsub-generic.sty
Package: hobsub-generic 2012/05/28 v1.13 Bundle oberdiek, subset generic (HO)
Package: hobsub 2012/05/28 v1.13 Construct package bundles (HO)
Package hobsub Info: Skipping package `infwarerr' (already loaded).
Package hobsub Info: Skipping package `ltxcmds' (already loaded).
Package: ifluatex 2010/03/01 v1.3 Provides the ifluatex switch (HO)
Package ifluatex Info: LuaTeX not detected.
Package: ifvtex 2010/03/01 v1.5 Detect VTeX and its facilities (HO)
Package ifvtex Info: VTeX not detected.
Package: intcalc 2007/09/27 v1.1 Expandable calculations with integers (HO)
Package: ifpdf 2011/01/30 v2.3 Provides the ifpdf switch (HO)
Package ifpdf Info: pdfTeX in PDF mode is detected.
Package: etexcmds 2011/02/16 v1.5 Avoid name clashes with e-TeX commands (HO)
Package etexcmds Info: Could not find \expanded.
(etexcmds)             That can mean that you are not using pdfTeX 1.50 or
(etexcmds)             that some package has redefined \expanded.
(etexcmds)             In the latter case, load this package earlier.
Package: kvsetkeys 2012/04/25 v1.16 Key value parser (HO)
Package: kvdefinekeys 2011/04/07 v1.3 Define keys (HO)
Package: pdftexcmds 2011/11/29 v0.20 Utility functions of pdfTeX for LuaTeX (HO
)
Package pdftexcmds Info: LuaTeX not detected.
Package pdftexcmds Info: \pdf@primitive is available.
Package pdftexcmds Info: \pdf@ifprimitive is available.
Package pdftexcmds Info: \pdfdraftmode found.
Package: pdfescape 2011/11/25 v1.13 Implements pdfTeX's escape features (HO)
Package: bigintcalc 2012/04/08 v1.3 Expandable calculations on big integers (HO
)
Package: bitset 2011/01/30 v1.1 Handle bit-vector datatype (HO)
Package: uniquecounter 2011/01/30 v1.2 Provide unlimited unique counter (HO)
)
Package hobsub Info: Skipping package `hobsub' (already loaded).
Package: letltxmacro 2010/09/02 v1.4 Let assignment for LaTeX macros (HO)
Package: hopatch 2012/05/28 v1.2 Wrapper for package hooks (HO)
Package: xcolor-patch 2011/01/30 xcolor patch
Package: atveryend 2011/06/30 v1.8 Hooks at the very end of document (HO)
Package atveryend Info: \enddocument detected (standard20110627).
Package: atbegshi 2011/10/05 v1.16 At begin shipout hook (HO)
Package: refcount 2011/10/16 v3.4 Data extraction from label references (HO)
Package: hycolor 2011/01/30 v1.7 Color options for hyperref/bookmark (HO)
) (/usr/share/texlive/texmf-dist/tex/generic/ifxetex/ifxetex.sty
Package: ifxetex 2010/09/12 v0.6 Provides ifxetex conditional
) (/usr/share/texlive/texmf-dist/tex/latex/oberdiek/auxhook.sty
Package: auxhook 2011/03/04 v1.3 Hooks for auxiliary files (HO)
) (/usr/share/texlive/texmf-dist/tex/latex/oberdiek/kvoptions.sty
Package: kvoptions 2011/06/30 v3.11 Key value format for package options (HO)
)
\@linkdim=\dimen126
\Hy@linkcounter=\count104
\Hy@pagecounter=\count105
(/usr/share/texlive/texmf-dist/tex/latex/hyperref/pd1enc.def
File: pd1enc.def 2012/11/06 v6.83m Hyperref: PDFDocEncoding definition (HO)
)
\Hy@SavedSpaceFactor=\count106
(/usr/share/texlive/texmf-dist/tex/latex/latexconfig/hyperref.cfg
File: hyperref.cfg 2002/06/06 v1.2 hyperref configuration of TeXLive
)
Package hyperref Info: Hyper figures OFF on input line 4443.
Package hyperref Info: Link nesting OFF on input line 4448.
Package hyperref Info: Hyper index ON on input line 4451.
Package hyperref Info: Plain pages OFF on input line 4458.
Package hyperref Info: Backreferencing OFF on input line 4463.
Package hyperref Info: Implicit mode ON; LaTeX internals redefined.
Package hyperref Info: Bookmarks ON on input line 4688.
\c@Hy@tempcnt=\count107
(/usr/share/texlive/texmf-dist/tex/latex/url/url.sty
\Urlmuskip=\muskip11
Package: url 2013/09/16  ver 3.4  Verb mode for urls, etc.
)
LaTeX Info: Redefining \url on input line 5041.
\XeTeXLinkMargin=\dimen127
\Fld@menulength=\count108
\Field@Width=\dimen128
\Fld@charsize=\dimen129
Package hyperref Info: Hyper figures OFF on input line 6295.
Package hyperref Info: Link nesting OFF on input line 6300.
Package hyperref Info: Hyper index ON on input line 6303.
Package hyperref Info: backreferencing OFF on input line 6310.
Package hyperref Info: Link coloring OFF on input line 6315.
Package hyperref Info: Link coloring with OCG OFF on input line 6320.
Package hyperref Info: PDF/A mode OFF on input line 6325.
LaTeX Info: Redefining \ref on input line 6365.
LaTeX Info: Redefining \pageref on input line 6369.
\Hy@abspage=\count109
\c@Item=\count110
\c@Hfootnote=\count111
)

Package hyperref Message: Driver (autodetected): hpdftex.

(/usr/share/texlive/texmf-dist/tex/latex/hyperref/hpdftex.def
File: hpdftex.def 2012/11/06 v6.83m Hyperref driver for pdfTeX
\Fld@listcount=\count112
\c@bookmark@seq@number=\count113
(/usr/share/texlive/texmf-dist/tex/latex/oberdiek/rerunfilecheck.sty
Package: rerunfilecheck 2011/04/15 v1.7 Rerun checks for auxiliary files (HO)
Package uniquecounter Info: New unique counter `rerunfilecheck' on input line 2
82.
)
\Hy@SectionHShift=\skip50
) (/usr/share/texlive/texmf-dist/tex/latex/tools/verbatim.sty
Package: verbatim 2014/10/28 v1.5q LaTeX2e package for verbatim enhancements
\every@verbatim=\toks21
\verbatim@line=\toks22
\verbatim@in@stream=\read1
) (/usr/share/texlive/texmf-dist/tex/latex/caption/caption.sty
Package: caption 2016/02/21 v3.3-144 Customizing captions (AR)
(/usr/share/texlive/texmf-dist/tex/latex/caption/caption3.sty
Package: caption3 2016/02/04 v1.7-139 caption3 kernel (AR)
Package caption3 Info: TeX engine: e-TeX on input line 67.
\captionmargin=\dimen130
\captionmargin@=\dimen131
\captionwidth=\dimen132
\caption@tempdima=\dimen133
\caption@indent=\dimen134
\caption@parindent=\dimen135
\caption@hangindent=\dimen136
Package caption Info: Unknown document class (or package),
(caption)             standard defaults will be used.
)

Package caption Warning: Unsupported document class (or package) detected,
(caption)                usage of the caption package is not recommended.
See the caption package documentation for explanation.

Package caption Info: \@makecaption = \long macro:#1#2->\ifx \@captype \@IEEEta
blestring \begin {center}{\footnotesize #1}\\{\footnotesize \scshape #2}\end {c
enter}\@IEEEtablecaptionsepspace \else \@IEEEfigurecaptionsepspace \setbox \@te
mpboxa \hbox {\footnotesize #1.~~ #2}\ifdim \wd \@tempboxa >\hsize \setbox \@te
mpboxa \hbox {\footnotesize #1.~~ }\parbox [t]{\hsize }{\footnotesize \noindent
 \unhbox \@tempboxa #2}\else \ifcenterfigcaptions \hbox to\hsize {\footnotesize
 \hfil \box \@tempboxa \hfil }\else \hbox to\hsize {\footnotesize \box \@tempbo
xa \hfil }\fi \fi \fi .
\c@ContinuedFloat=\count114
Package caption Info: hyperref package is loaded.
) (./clrscode3e.sty
Package: clrscode3e 
\c@codelinenumber=\count115
\c@indent=\count116
\digitwidth=\skip51
\savecode=\box29
\codeboxwidth=\skip52
\c@thisindent=\count117
) (./main.aux)
\openout1 = `main.aux'.

LaTeX Font Info:    Checking defaults for OML/cmm/m/it on input line 43.
LaTeX Font Info:    ... okay on input line 43.
LaTeX Font Info:    Checking defaults for T1/cmr/m/n on input line 43.
LaTeX Font Info:    ... okay on input line 43.
LaTeX Font Info:    Checking defaults for OT1/cmr/m/n on input line 43.
LaTeX Font Info:    ... okay on input line 43.
LaTeX Font Info:    Checking defaults for OMS/cmsy/m/n on input line 43.
LaTeX Font Info:    ... okay on input line 43.
LaTeX Font Info:    Checking defaults for OMX/cmex/m/n on input line 43.
LaTeX Font Info:    ... okay on input line 43.
LaTeX Font Info:    Checking defaults for U/cmr/m/n on input line 43.
LaTeX Font Info:    ... okay on input line 43.
LaTeX Font Info:    Checking defaults for PD1/pdf/m/n on input line 43.
LaTeX Font Info:    ... okay on input line 43.
(/usr/share/texlive/texmf-dist/tex/context/base/supp-pdf.mkii
[Loading MPS to PDF converter (version 2006.09.02).]
\scratchcounter=\count118
\scratchdimen=\dimen137
\scratchbox=\box30
\nofMPsegments=\count119
\nofMParguments=\count120
\everyMPshowfont=\toks23
\MPscratchCnt=\count121
\MPscratchDim=\dimen138
\MPnumerator=\count122
\makeMPintoPDFobject=\count123
\everyMPtoPDFconversion=\toks24
) (/usr/share/texlive/texmf-dist/tex/latex/oberdiek/epstopdf-base.sty
Package: epstopdf-base 2010/02/09 v2.5 Base part for package epstopdf
(/usr/share/texlive/texmf-dist/tex/latex/oberdiek/grfext.sty
Package: grfext 2010/08/19 v1.1 Manage graphics extensions (HO)
)
Package grfext Info: Graphics extension search list:
(grfext)             [.png,.pdf,.jpg,.mps,.jpeg,.jbig2,.jb2,.PNG,.PDF,.JPG,.JPE
G,.JBIG2,.JB2,.eps]
(grfext)             \AppendGraphicsExtensions on input line 452.
(/usr/share/texlive/texmf-dist/tex/latex/latexconfig/epstopdf-sys.cfg
File: epstopdf-sys.cfg 2010/07/13 v1.3 Configuration of (r)epstopdf for TeX Liv
e
))
\AtBeginShipoutBox=\box31
Package hyperref Info: Link coloring OFF on input line 43.
(/usr/share/texlive/texmf-dist/tex/latex/hyperref/nameref.sty
Package: nameref 2012/10/27 v2.43 Cross-referencing by name of section
(/usr/share/texlive/texmf-dist/tex/generic/oberdiek/gettitlestring.sty
Package: gettitlestring 2010/12/03 v1.4 Cleanup title references (HO)
)
\c@section@level=\count124
)
LaTeX Info: Redefining \ref on input line 43.
LaTeX Info: Redefining \pageref on input line 43.
LaTeX Info: Redefining \nameref on input line 43.
(./main.out) (./main.out)
\@outlinefile=\write3
\openout3 = `main.out'.

Package caption Info: Begin \AtBeginDocument code.
Package caption Info: End \AtBeginDocument code.
LaTeX Font Info:    Calculating math sizes for size <11> on input line 47.
LaTeX Font Info:    Try loading font information for U+msa on input line 47.
(/usr/share/texlive/texmf-dist/tex/latex/amsfonts/umsa.fd
File: umsa.fd 2013/01/14 v3.01 AMS symbols A
)
LaTeX Font Info:    Try loading font information for U+msb on input line 47.
(/usr/share/texlive/texmf-dist/tex/latex/amsfonts/umsb.fd
File: umsb.fd 2013/01/14 v3.01 AMS symbols B
)
LaTeX Font Info:    Try loading font information for OT1+pcr on input line 79.
(/usr/share/texlive/texmf-dist/tex/latex/psnfss/ot1pcr.fd
File: ot1pcr.fd 2001/06/04 font definitions for OT1/pcr.
) <assets/cyclesoverlaid.png, id=116, 1760.5775pt x 864.22874pt>
File: assets/cyclesoverlaid.png Graphic file (type png)
<use assets/cyclesoverlaid.png>
Package pdftex.def Info: assets/cyclesoverlaid.png used on input line 102.
(pdftex.def)             Requested size: 252.94499pt x 124.15608pt.

Overfull \hbox (7.22688pt too wide) in paragraph at lines 102--103
 [][] 
 []

<assets/heatingcooling.png, id=117, 866.23625pt x 580.1675pt>
File: assets/heatingcooling.png Graphic file (type png)
<use assets/heatingcooling.png>
Package pdftex.def Info: assets/heatingcooling.png used on input line 115.
(pdftex.def)             Requested size: 252.94499pt x 169.4128pt.

Overfull \hbox (7.22688pt too wide) in paragraph at lines 115--116
 [][] 
 []


LaTeX Warning: `h' float specifier changed to `ht'.

<assets/tailperiod.png, id=118, 865.2325pt x 571.13374pt>
File: assets/tailperiod.png Graphic file (type png)
<use assets/tailperiod.png>
Package pdftex.def Info: assets/tailperiod.png used on input line 122.
(pdftex.def)             Requested size: 252.94499pt x 166.96661pt.

Overfull \hbox (7.22688pt too wide) in paragraph at lines 122--123
 [][] 
 []


LaTeX Warning: `h' float specifier changed to `ht'.

<assets/belly.png, id=119, 877.2775pt x 574.145pt>
File: assets/belly.png Graphic file (type png)
<use assets/belly.png>
Package pdftex.def Info: assets/belly.png used on input line 129.
(pdftex.def)             Requested size: 252.94499pt x 165.54286pt.

Overfull \hbox (7.22688pt too wide) in paragraph at lines 129--130
 [][] 
 []


LaTeX Warning: `h' float specifier changed to `ht'.

<assets/area.png, id=120, 888.31876pt x 585.18625pt>
File: assets/area.png Graphic file (type png)
<use assets/area.png>
Package pdftex.def Info: assets/area.png used on input line 136.
(pdftex.def)             Requested size: 252.94499pt x 166.628pt.

Overfull \hbox (7.22688pt too wide) in paragraph at lines 136--137
 [][] 
 []


LaTeX Warning: `h' float specifier changed to `ht'.


Underfull \hbox (badness 3769) in paragraph at lines 176--177
[]\OT1/ptm/m/n/10 We at-tempt to in-ject ex-pert knowl-edge about the
 []


Underfull \hbox (badness 1946) in paragraph at lines 176--177
\OT1/ptm/m/n/10 ac-tu-a-tor sys-tem's be-hav-ior by con-struct-ing $\OT1/cmr/m/
n/10 11$ \OT1/ptm/m/n/10 de-rived
 []


Underfull \hbox (badness 1655) in paragraph at lines 176--177
\OT1/ptm/m/n/10 fea-tures. These fea-tures en-code ap-prox-i-mately con-stant
 []

[1{/var/lib/texmf/fonts/map/pdftex/updmap/pdftex.map}


 <./assets/cyclesoverlaid.png>]

LaTeX Warning: `h' float specifier changed to `ht'.


Underfull \hbox (badness 10000) in paragraph at lines 211--212
[]\OT1/ptm/m/n/10 Generate time-series cross-validation training-
 []


Package hyperref Warning: Token not allowed in a PDF string (PDFDocEncoding):
(hyperref)                removing `math shift' on input line 242.


Package hyperref Warning: Token not allowed in a PDF string (PDFDocEncoding):
(hyperref)                removing `math shift' on input line 242.

[2 <./assets/heatingcooling.png> <./assets/tailperiod.png> <./assets/belly.png>
 <./assets/area.png>]
LaTeX Font Info:    Font shape `OT1/pcr/bx/n' in size <10> not available
(Font)              Font shape `OT1/pcr/b/n' tried instead on input line 255.
<assets/validation_performance.png, id=154, 1064.97874pt x 553.06625pt>
File: assets/validation_performance.png Graphic file (type png)
<use assets/validation_performance.png>
Package pdftex.def Info: assets/validation_performance.png used on input line 3
09.
(pdftex.def)             Requested size: 252.94499pt x 131.3546pt.

Overfull \hbox (7.22688pt too wide) in paragraph at lines 309--310
 [][] 
 []

<assets/piecewise_fit.png, id=155, 2367.84625pt x 967.615pt>
File: assets/piecewise_fit.png Graphic file (type png)
<use assets/piecewise_fit.png>
Package pdftex.def Info: assets/piecewise_fit.png used on input line 316.
(pdftex.def)             Requested size: 252.94499pt x 103.35217pt.

Overfull \hbox (7.22688pt too wide) in paragraph at lines 316--317
 [][] 
 []


LaTeX Warning: `!h' float specifier changed to `!ht'.

[3 <./assets/validation_performance.png>] <assets/periodic_arch_params.png, id=
173, 555.07375pt x 196.735pt>
File: assets/periodic_arch_params.png Graphic file (type png)
<use assets/periodic_arch_params.png>
Package pdftex.def Info: assets/periodic_arch_params.png used on input line 343
.
(pdftex.def)             Requested size: 252.94499pt x 89.65263pt.

Overfull \hbox (7.22688pt too wide) in paragraph at lines 343--344
 [][] 
 []

<assets/sine_forecast.png, id=175, 1175.29088pt x 306.24413pt>
File: assets/sine_forecast.png Graphic file (type png)
<use assets/sine_forecast.png>
Package pdftex.def Info: assets/sine_forecast.png used on input line 365.
(pdftex.def)             Requested size: 252.94499pt x 65.90662pt.

Overfull \hbox (7.22688pt too wide) in paragraph at lines 365--366
 [][] 
 []


LaTeX Warning: `h' float specifier changed to `ht'.

<assets/triangle_forecast.png, id=176, 1160.83687pt x 306.24413pt>
File: assets/triangle_forecast.png Graphic file (type png)
<use assets/triangle_forecast.png>
Package pdftex.def Info: assets/triangle_forecast.png used on input line 372.
(pdftex.def)             Requested size: 252.94499pt x 66.72905pt.

Overfull \hbox (7.22688pt too wide) in paragraph at lines 372--373
 [][] 
 []


LaTeX Warning: `h' float specifier changed to `ht'.

<assets/square_forecast.png, id=177, 1168.96725pt x 306.24413pt>
File: assets/square_forecast.png Graphic file (type png)
<use assets/square_forecast.png>
Package pdftex.def Info: assets/square_forecast.png used on input line 379.
(pdftex.def)             Requested size: 252.94499pt x 66.26643pt.

Overfull \hbox (7.22688pt too wide) in paragraph at lines 379--380
 [][] 
 []


LaTeX Warning: `h' float specifier changed to `ht'.

<assets/sine_training_plot.png, id=178, 390.45876pt x 279.0425pt>
File: assets/sine_training_plot.png Graphic file (type png)
<use assets/sine_training_plot.png>
Package pdftex.def Info: assets/sine_training_plot.png used on input line 410.
(pdftex.def)             Requested size: 202.3529pt x 144.61328pt.
<assets/triangle_training_plot.png, id=179, 396.48125pt x 279.0425pt>
File: assets/triangle_training_plot.png Graphic file (type png)
<use assets/triangle_training_plot.png>
Package pdftex.def Info: assets/triangle_training_plot.png used on input line 4
15.
(pdftex.def)             Requested size: 202.3529pt x 142.41623pt.
<assets/square_training_plot.png, id=180, 390.45876pt x 279.0425pt>
File: assets/square_training_plot.png Graphic file (type png)
<use assets/square_training_plot.png>
Package pdftex.def Info: assets/square_training_plot.png used on input line 419
.
(pdftex.def)             Requested size: 202.3529pt x 144.61328pt.
[4 <./assets/piecewise_fit.png> <./assets/periodic_arch_params.png> <./assets/s
ine_forecast.png> <./assets/triangle_forecast.png>] <assets/non_periodic_params
.png, id=202, 979.66pt x 409.53pt>
File: assets/non_periodic_params.png Graphic file (type png)
<use assets/non_periodic_params.png>
Package pdftex.def Info: assets/non_periodic_params.png used on input line 455.

(pdftex.def)             Requested size: 252.94499pt x 105.73792pt.

Overfull \hbox (7.22688pt too wide) in paragraph at lines 455--456
 [][] 
 []

! Too many }'s.
<recently read> }
                 
l.467 ...extbf{Figure 17}, and \textbf{Figure 18}}
                                                   we show the entire traini...
You've closed more groups than you opened.
Such booboos are generally harmless, so keep going.

[5 <./assets/square_forecast.png> <./assets/sine_training_plot.png> <./assets/t
riangle_training_plot.png> <./assets/square_training_plot.png> <./assets/non_pe
riodic_params.png>] <assets/loadtime_prediction_slice1.png, id=220, 326.21875pt
 x 109.40875pt>
File: assets/loadtime_prediction_slice1.png Graphic file (type png)
<use assets/loadtime_prediction_slice1.png>
Package pdftex.def Info: assets/loadtime_prediction_slice1.png used on input li
ne 479.
(pdftex.def)             Requested size: 252.94499pt x 84.83763pt.

Overfull \hbox (7.22688pt too wide) in paragraph at lines 479--480
 [][] 
 []

<assets/loadtime_prediction_slice2.png, id=221, 304.13625pt x 111.41624pt>
File: assets/loadtime_prediction_slice2.png Graphic file (type png)
<use assets/loadtime_prediction_slice2.png>
Package pdftex.def Info: assets/loadtime_prediction_slice2.png used on input li
ne 486.
(pdftex.def)             Requested size: 252.94499pt x 92.66586pt.

Overfull \hbox (7.22688pt too wide) in paragraph at lines 486--487
 [][] 
 []

<assets/loadtime_prediction_slice3.png, id=222, 302.12875pt x 112.42pt>
File: assets/loadtime_prediction_slice3.png Graphic file (type png)
<use assets/loadtime_prediction_slice3.png>
Package pdftex.def Info: assets/loadtime_prediction_slice3.png used on input li
ne 493.
(pdftex.def)             Requested size: 252.94499pt x 94.11995pt.

Overfull \hbox (7.22688pt too wide) in paragraph at lines 493--494
 [][] 
 []

<assets/loadtime_training_plot.png, id=223, 400.49625pt x 279.0425pt>
File: assets/loadtime_training_plot.png Graphic file (type png)
<use assets/loadtime_training_plot.png>
Package pdftex.def Info: assets/loadtime_training_plot.png used on input line 5
03.
(pdftex.def)             Requested size: 252.94499pt x 176.24051pt.

Overfull \hbox (7.22688pt too wide) in paragraph at lines 503--504
 [][] 
 []


LaTeX Warning: `!h' float specifier changed to `!ht'.

<assets/fourier_analysis.png, id=224, 1604.99625pt x 1172.38pt>
File: assets/fourier_analysis.png Graphic file (type png)
<use assets/fourier_analysis.png>
Package pdftex.def Info: assets/fourier_analysis.png used on input line 522.
(pdftex.def)             Requested size: 252.94499pt x 184.75816pt.

Overfull \hbox (7.22688pt too wide) in paragraph at lines 522--523
 [][] 
 []

<assets/fourier_extrapolation.png, id=225, 2324.685pt x 599.23875pt>
File: assets/fourier_extrapolation.png Graphic file (type png)
<use assets/fourier_extrapolation.png>
Package pdftex.def Info: assets/fourier_extrapolation.png used on input line 52
9.
(pdftex.def)             Requested size: 252.94499pt x 65.1941pt.

Overfull \hbox (7.22688pt too wide) in paragraph at lines 529--530
 [][] 
 []

[6 <./assets/loadtime_prediction_slice1.png> <./assets/loadtime_prediction_slic
e2.png> <./assets/loadtime_prediction_slice3.png> <./assets/loadtime_training_p
lot.png> <./assets/fourier_analysis.png> <./assets/fourier_extrapolation.png>] 
<assets/autocorrelation.png, id=244, 810.02625pt x 525.965pt>
File: assets/autocorrelation.png Graphic file (type png)
<use assets/autocorrelation.png>
Package pdftex.def Info: assets/autocorrelation.png used on input line 542.
(pdftex.def)             Requested size: 227.64894pt x 147.81493pt.
! Misplaced alignment tab character &.
l.555 ... Miriyev, A., Trujillo, C., Caires, G., &
                                                   Lipson, H. (2018). Rejuve...
I can't figure out why you would want to use a tab mark
here. If you just want an ampersand, the remedy is
simple: Just type `I\&' now. But if some right brace
up above has ended a previous alignment prematurely,
you're probably due for more error messages, and you
might try typing `S' now just to see what is salvageable.

Missing character: There is no â in font ptmr7t!
Missing character: There is no € in font ptmr7t!
Missing character: There is no “ in font ptmr7t!

Underfull \hbox (badness 1694) in paragraph at lines 555--556
\OT1/ptm/m/n/8 ju-ve-na-tion of soft ma-te-ri-alac-tu-a-tor. MRS Com-mu-ni-ca-t
ions, 1-6.
 []


** Conference Paper **
Before submitting the final camera ready copy, remember to:

 1. Manually equalize the lengths of two columns on the last page
 of your paper;

 2. Ensure that any PostScript and/or PDF output post-processing
 uses only Type 1 fonts and that every step in the generation
 process uses the US letter (8.5in X 11in) paper size.

Package atveryend Info: Empty hook `BeforeClearDocument' on input line 559.
[7

 <./assets/autocorrelation.png>]
Package atveryend Info: Empty hook `AfterLastShipout' on input line 559.
(./main.aux)
Package atveryend Info: Executing hook `AtVeryEndDocument' on input line 559.
Package atveryend Info: Executing hook `AtEndAfterFileList' on input line 559.
Package rerunfilecheck Info: File `main.out' has not changed.
(rerunfilecheck)             Checksum: 31B860AD204C86B0FE35E63F8EA82C68;1678.
Package atveryend Info: Empty hook `AtVeryVeryEnd' on input line 559.
 ) 
Here is how much of TeX's memory you used:
 8019 strings out of 494953
 122673 string characters out of 6180978
 216405 words of memory out of 5000000
 11112 multiletter control sequences out of 15000+600000
 48037 words of font info for 109 fonts, out of 8000000 for 9000
 14 hyphenation exceptions out of 8191
 36i,16n,39p,1058b,408s stack positions out of 5000i,500n,10000p,200000b,80000s
{/usr/share/texlive/texmf-dist/fonts/enc/dvips/base/8r.enc}</usr/share/texliv
e/texmf-dist/fonts/type1/public/amsfonts/cm/cmex10.pfb></usr/share/texlive/texm
f-dist/fonts/type1/public/amsfonts/cmextra/cmex8.pfb></usr/share/texlive/texmf-
dist/fonts/type1/public/amsfonts/cm/cmmi10.pfb></usr/share/texlive/texmf-dist/f
onts/type1/public/amsfonts/cm/cmmi5.pfb></usr/share/texlive/texmf-dist/fonts/ty
pe1/public/amsfonts/cm/cmmi6.pfb></usr/share/texlive/texmf-dist/fonts/type1/pub
lic/amsfonts/cm/cmmi7.pfb></usr/share/texlive/texmf-dist/fonts/type1/public/ams
fonts/cm/cmmi8.pfb></usr/share/texlive/texmf-dist/fonts/type1/public/amsfonts/c
m/cmr10.pfb></usr/share/texlive/texmf-dist/fonts/type1/public/amsfonts/cm/cmr5.
pfb></usr/share/texlive/texmf-dist/fonts/type1/public/amsfonts/cm/cmr6.pfb></us
r/share/texlive/texmf-dist/fonts/type1/public/amsfonts/cm/cmr7.pfb></usr/share/
texlive/texmf-dist/fonts/type1/public/amsfonts/cm/cmr8.pfb></usr/share/texlive/
texmf-dist/fonts/type1/public/amsfonts/cm/cmsy10.pfb></usr/share/texlive/texmf-
dist/fonts/type1/public/amsfonts/cm/cmsy7.pfb></usr/share/texlive/texmf-dist/fo
nts/type1/public/amsfonts/cm/cmsy8.pfb></usr/share/texlive/texmf-dist/fonts/typ
e1/urw/courier/ucrb8a.pfb></usr/share/texlive/texmf-dist/fonts/type1/urw/courie
r/ucrr8a.pfb></usr/share/texlive/texmf-dist/fonts/type1/urw/times/utmb8a.pfb></
usr/share/texlive/texmf-dist/fonts/type1/urw/times/utmbi8a.pfb></usr/share/texl
ive/texmf-dist/fonts/type1/urw/times/utmr8a.pfb></usr/share/texlive/texmf-dist/
fonts/type1/urw/times/utmri8a.pfb>
Output written on main.pdf (7 pages, 2628568 bytes).
PDF statistics:
 347 PDF objects out of 1000 (max. 8388607)
 277 compressed objects within 3 object streams
 84 named destinations out of 1000 (max. 500000)
 319 words of extra memory for PDF output out of 10000 (max. 10000000)

